<?xml version="1.0" encoding="UTF-8"?>
<!-- Generated by org.testng.reporters.JUnitReportReporter -->
<testsuite ignored="0" hostname="DESKTOP-TRVOV2C" failures="0" tests="1" name="placelab.tests.LoginTest" time="2.426" errors="0" timestamp="25 mars 2022 08:15:30 GMT" skipped="0">
  <testcase classname="placelab.tests.LoginTest" name="testLoginPage" time="2.426"/>
</testsuite> <!-- placelab.tests.LoginTest -->
